  engine.cpp
C:\Users\jimmy\source\repos\FinalProjectWorkspace\FinalProjectWorkspace\engine.cpp(107,19): warning C4244: 'initializing': conversion from 'double' to 'float', possible loss of data
C:\Users\jimmy\source\repos\FinalProjectWorkspace\FinalProjectWorkspace\engine.cpp(108,19): warning C4244: 'initializing': conversion from 'double' to 'float', possible loss of data
C:\Users\jimmy\source\repos\FinalProjectWorkspace\FinalProjectWorkspace\engine.cpp(109,13): warning C4244: '=': conversion from 'double' to 'float', possible loss of data
C:\Users\jimmy\source\repos\FinalProjectWorkspace\FinalProjectWorkspace\engine.cpp(110,13): warning C4244: '=': conversion from 'double' to 'float', possible loss of data
C:\Users\jimmy\source\repos\FinalProjectWorkspace\FinalProjectWorkspace\engine.cpp(173,19): warning C4244: 'initializing': conversion from 'double' to 'float', possible loss of data
C:\Users\jimmy\source\repos\FinalProjectWorkspace\FinalProjectWorkspace\engine.cpp(174,19): warning C4244: 'initializing': conversion from 'double' to 'float', possible loss of data
C:\Users\jimmy\source\repos\FinalProjectWorkspace\FinalProjectWorkspace\engine.cpp(175,13): warning C4244: '=': conversion from 'double' to 'float', possible loss of data
C:\Users\jimmy\source\repos\FinalProjectWorkspace\FinalProjectWorkspace\engine.cpp(176,13): warning C4244: '=': conversion from 'double' to 'float', possible loss of data
C:\Users\jimmy\source\repos\FinalProjectWorkspace\FinalProjectWorkspace\engine.cpp(248,23): warning C4244: 'return': conversion from 'double' to 'unsigned int', possible loss of data
C:\Users\jimmy\source\repos\FinalProjectWorkspace\FinalProjectWorkspace\engine.cpp(272,27): warning C4244: '-=': conversion from 'double' to 'float', possible loss of data
  graphics.cpp
C:\Users\jimmy\source\repos\FinalProjectWorkspace\FinalProjectWorkspace\graphics.cpp(135,31): warning C4305: 'initializing': truncation from 'double' to 'float'
C:\Users\jimmy\source\repos\FinalProjectWorkspace\FinalProjectWorkspace\graphics.cpp(136,34): warning C4305: 'initializing': truncation from 'double' to 'float'
C:\Users\jimmy\source\repos\FinalProjectWorkspace\FinalProjectWorkspace\graphics.cpp(156,15): warning C4305: 'initializing': truncation from 'double' to '_Ty'
C:\Users\jimmy\source\repos\FinalProjectWorkspace\FinalProjectWorkspace\graphics.cpp(156,15): warning C4305:         with
C:\Users\jimmy\source\repos\FinalProjectWorkspace\FinalProjectWorkspace\graphics.cpp(156,15): warning C4305:         [
C:\Users\jimmy\source\repos\FinalProjectWorkspace\FinalProjectWorkspace\graphics.cpp(156,15): warning C4305:             _Ty=float
C:\Users\jimmy\source\repos\FinalProjectWorkspace\FinalProjectWorkspace\graphics.cpp(156,15): warning C4305:         ]
C:\Users\jimmy\source\repos\FinalProjectWorkspace\FinalProjectWorkspace\graphics.cpp(156,21): warning C4305: 'initializing': truncation from 'double' to '_Ty'
C:\Users\jimmy\source\repos\FinalProjectWorkspace\FinalProjectWorkspace\graphics.cpp(156,21): warning C4305:         with
C:\Users\jimmy\source\repos\FinalProjectWorkspace\FinalProjectWorkspace\graphics.cpp(156,21): warning C4305:         [
C:\Users\jimmy\source\repos\FinalProjectWorkspace\FinalProjectWorkspace\graphics.cpp(156,21): warning C4305:             _Ty=float
C:\Users\jimmy\source\repos\FinalProjectWorkspace\FinalProjectWorkspace\graphics.cpp(156,21): warning C4305:         ]
C:\Users\jimmy\source\repos\FinalProjectWorkspace\FinalProjectWorkspace\graphics.cpp(156,27): warning C4305: 'initializing': truncation from 'double' to '_Ty'
C:\Users\jimmy\source\repos\FinalProjectWorkspace\FinalProjectWorkspace\graphics.cpp(156,27): warning C4305:         with
C:\Users\jimmy\source\repos\FinalProjectWorkspace\FinalProjectWorkspace\graphics.cpp(156,27): warning C4305:         [
C:\Users\jimmy\source\repos\FinalProjectWorkspace\FinalProjectWorkspace\graphics.cpp(156,27): warning C4305:             _Ty=float
C:\Users\jimmy\source\repos\FinalProjectWorkspace\FinalProjectWorkspace\graphics.cpp(156,27): warning C4305:         ]
C:\Users\jimmy\source\repos\FinalProjectWorkspace\FinalProjectWorkspace\graphics.cpp(171,12): warning C4305: 'initializing': truncation from 'double' to '_Ty'
C:\Users\jimmy\source\repos\FinalProjectWorkspace\FinalProjectWorkspace\graphics.cpp(171,12): warning C4305:         with
C:\Users\jimmy\source\repos\FinalProjectWorkspace\FinalProjectWorkspace\graphics.cpp(171,12): warning C4305:         [
C:\Users\jimmy\source\repos\FinalProjectWorkspace\FinalProjectWorkspace\graphics.cpp(171,12): warning C4305:             _Ty=float
C:\Users\jimmy\source\repos\FinalProjectWorkspace\FinalProjectWorkspace\graphics.cpp(171,12): warning C4305:         ]
C:\Users\jimmy\source\repos\FinalProjectWorkspace\FinalProjectWorkspace\graphics.cpp(171,16): warning C4305: 'initializing': truncation from 'double' to '_Ty'
C:\Users\jimmy\source\repos\FinalProjectWorkspace\FinalProjectWorkspace\graphics.cpp(171,16): warning C4305:         with
C:\Users\jimmy\source\repos\FinalProjectWorkspace\FinalProjectWorkspace\graphics.cpp(171,16): warning C4305:         [
C:\Users\jimmy\source\repos\FinalProjectWorkspace\FinalProjectWorkspace\graphics.cpp(171,16): warning C4305:             _Ty=float
C:\Users\jimmy\source\repos\FinalProjectWorkspace\FinalProjectWorkspace\graphics.cpp(171,16): warning C4305:         ]
C:\Users\jimmy\source\repos\FinalProjectWorkspace\FinalProjectWorkspace\graphics.cpp(171,21): warning C4305: 'initializing': truncation from 'double' to '_Ty'
C:\Users\jimmy\source\repos\FinalProjectWorkspace\FinalProjectWorkspace\graphics.cpp(171,21): warning C4305:         with
C:\Users\jimmy\source\repos\FinalProjectWorkspace\FinalProjectWorkspace\graphics.cpp(171,21): warning C4305:         [
C:\Users\jimmy\source\repos\FinalProjectWorkspace\FinalProjectWorkspace\graphics.cpp(171,21): warning C4305:             _Ty=float
C:\Users\jimmy\source\repos\FinalProjectWorkspace\FinalProjectWorkspace\graphics.cpp(171,21): warning C4305:         ]
C:\Users\jimmy\source\repos\FinalProjectWorkspace\FinalProjectWorkspace\graphics.cpp(172,11): warning C4305: 'initializing': truncation from 'double' to '_Ty'
C:\Users\jimmy\source\repos\FinalProjectWorkspace\FinalProjectWorkspace\graphics.cpp(172,11): warning C4305:         with
C:\Users\jimmy\source\repos\FinalProjectWorkspace\FinalProjectWorkspace\graphics.cpp(172,11): warning C4305:         [
C:\Users\jimmy\source\repos\FinalProjectWorkspace\FinalProjectWorkspace\graphics.cpp(172,11): warning C4305:             _Ty=float
C:\Users\jimmy\source\repos\FinalProjectWorkspace\FinalProjectWorkspace\graphics.cpp(172,11): warning C4305:         ]
C:\Users\jimmy\source\repos\FinalProjectWorkspace\FinalProjectWorkspace\graphics.cpp(172,21): warning C4305: 'initializing': truncation from 'double' to '_Ty'
C:\Users\jimmy\source\repos\FinalProjectWorkspace\FinalProjectWorkspace\graphics.cpp(172,21): warning C4305:         with
C:\Users\jimmy\source\repos\FinalProjectWorkspace\FinalProjectWorkspace\graphics.cpp(172,21): warning C4305:         [
C:\Users\jimmy\source\repos\FinalProjectWorkspace\FinalProjectWorkspace\graphics.cpp(172,21): warning C4305:             _Ty=float
C:\Users\jimmy\source\repos\FinalProjectWorkspace\FinalProjectWorkspace\graphics.cpp(172,21): warning C4305:         ]
C:\Users\jimmy\source\repos\FinalProjectWorkspace\FinalProjectWorkspace\graphics.cpp(175,15): warning C4305: 'initializing': truncation from 'double' to '_Ty'
C:\Users\jimmy\source\repos\FinalProjectWorkspace\FinalProjectWorkspace\graphics.cpp(175,15): warning C4305:         with
C:\Users\jimmy\source\repos\FinalProjectWorkspace\FinalProjectWorkspace\graphics.cpp(175,15): warning C4305:         [
C:\Users\jimmy\source\repos\FinalProjectWorkspace\FinalProjectWorkspace\graphics.cpp(175,15): warning C4305:             _Ty=float
C:\Users\jimmy\source\repos\FinalProjectWorkspace\FinalProjectWorkspace\graphics.cpp(175,15): warning C4305:         ]
C:\Users\jimmy\source\repos\FinalProjectWorkspace\FinalProjectWorkspace\graphics.cpp(175,22): warning C4305: 'initializing': truncation from 'double' to '_Ty'
C:\Users\jimmy\source\repos\FinalProjectWorkspace\FinalProjectWorkspace\graphics.cpp(175,22): warning C4305:         with
C:\Users\jimmy\source\repos\FinalProjectWorkspace\FinalProjectWorkspace\graphics.cpp(175,22): warning C4305:         [
C:\Users\jimmy\source\repos\FinalProjectWorkspace\FinalProjectWorkspace\graphics.cpp(175,22): warning C4305:             _Ty=float
C:\Users\jimmy\source\repos\FinalProjectWorkspace\FinalProjectWorkspace\graphics.cpp(175,22): warning C4305:         ]
C:\Users\jimmy\source\repos\FinalProjectWorkspace\FinalProjectWorkspace\graphics.cpp(175,29): warning C4305: 'initializing': truncation from 'double' to '_Ty'
C:\Users\jimmy\source\repos\FinalProjectWorkspace\FinalProjectWorkspace\graphics.cpp(175,29): warning C4305:         with
C:\Users\jimmy\source\repos\FinalProjectWorkspace\FinalProjectWorkspace\graphics.cpp(175,29): warning C4305:         [
C:\Users\jimmy\source\repos\FinalProjectWorkspace\FinalProjectWorkspace\graphics.cpp(175,29): warning C4305:             _Ty=float
C:\Users\jimmy\source\repos\FinalProjectWorkspace\FinalProjectWorkspace\graphics.cpp(175,29): warning C4305:         ]
C:\Users\jimmy\source\repos\FinalProjectWorkspace\FinalProjectWorkspace\graphics.cpp(191,12): warning C4305: 'initializing': truncation from 'double' to '_Ty'
C:\Users\jimmy\source\repos\FinalProjectWorkspace\FinalProjectWorkspace\graphics.cpp(191,12): warning C4305:         with
C:\Users\jimmy\source\repos\FinalProjectWorkspace\FinalProjectWorkspace\graphics.cpp(191,12): warning C4305:         [
C:\Users\jimmy\source\repos\FinalProjectWorkspace\FinalProjectWorkspace\graphics.cpp(191,12): warning C4305:             _Ty=float
C:\Users\jimmy\source\repos\FinalProjectWorkspace\FinalProjectWorkspace\graphics.cpp(191,12): warning C4305:         ]
C:\Users\jimmy\source\repos\FinalProjectWorkspace\FinalProjectWorkspace\graphics.cpp(191,18): warning C4305: 'initializing': truncation from 'double' to '_Ty'
C:\Users\jimmy\source\repos\FinalProjectWorkspace\FinalProjectWorkspace\graphics.cpp(191,18): warning C4305:         with
C:\Users\jimmy\source\repos\FinalProjectWorkspace\FinalProjectWorkspace\graphics.cpp(191,18): warning C4305:         [
C:\Users\jimmy\source\repos\FinalProjectWorkspace\FinalProjectWorkspace\graphics.cpp(191,18): warning C4305:             _Ty=float
C:\Users\jimmy\source\repos\FinalProjectWorkspace\FinalProjectWorkspace\graphics.cpp(191,18): warning C4305:         ]
C:\Users\jimmy\source\repos\FinalProjectWorkspace\FinalProjectWorkspace\graphics.cpp(191,24): warning C4305: 'initializing': truncation from 'double' to '_Ty'
C:\Users\jimmy\source\repos\FinalProjectWorkspace\FinalProjectWorkspace\graphics.cpp(191,24): warning C4305:         with
C:\Users\jimmy\source\repos\FinalProjectWorkspace\FinalProjectWorkspace\graphics.cpp(191,24): warning C4305:         [
C:\Users\jimmy\source\repos\FinalProjectWorkspace\FinalProjectWorkspace\graphics.cpp(191,24): warning C4305:             _Ty=float
C:\Users\jimmy\source\repos\FinalProjectWorkspace\FinalProjectWorkspace\graphics.cpp(191,24): warning C4305:         ]
C:\Users\jimmy\source\repos\FinalProjectWorkspace\FinalProjectWorkspace\graphics.cpp(195,15): warning C4305: 'initializing': truncation from 'double' to '_Ty'
C:\Users\jimmy\source\repos\FinalProjectWorkspace\FinalProjectWorkspace\graphics.cpp(195,15): warning C4305:         with
C:\Users\jimmy\source\repos\FinalProjectWorkspace\FinalProjectWorkspace\graphics.cpp(195,15): warning C4305:         [
C:\Users\jimmy\source\repos\FinalProjectWorkspace\FinalProjectWorkspace\graphics.cpp(195,15): warning C4305:             _Ty=float
C:\Users\jimmy\source\repos\FinalProjectWorkspace\FinalProjectWorkspace\graphics.cpp(195,15): warning C4305:         ]
C:\Users\jimmy\source\repos\FinalProjectWorkspace\FinalProjectWorkspace\graphics.cpp(195,20): warning C4305: 'initializing': truncation from 'double' to '_Ty'
C:\Users\jimmy\source\repos\FinalProjectWorkspace\FinalProjectWorkspace\graphics.cpp(195,20): warning C4305:         with
C:\Users\jimmy\source\repos\FinalProjectWorkspace\FinalProjectWorkspace\graphics.cpp(195,20): warning C4305:         [
C:\Users\jimmy\source\repos\FinalProjectWorkspace\FinalProjectWorkspace\graphics.cpp(195,20): warning C4305:             _Ty=float
C:\Users\jimmy\source\repos\FinalProjectWorkspace\FinalProjectWorkspace\graphics.cpp(195,20): warning C4305:         ]
C:\Users\jimmy\source\repos\FinalProjectWorkspace\FinalProjectWorkspace\graphics.cpp(195,24): warning C4305: 'initializing': truncation from 'double' to '_Ty'
C:\Users\jimmy\source\repos\FinalProjectWorkspace\FinalProjectWorkspace\graphics.cpp(195,24): warning C4305:         with
C:\Users\jimmy\source\repos\FinalProjectWorkspace\FinalProjectWorkspace\graphics.cpp(195,24): warning C4305:         [
C:\Users\jimmy\source\repos\FinalProjectWorkspace\FinalProjectWorkspace\graphics.cpp(195,24): warning C4305:             _Ty=float
C:\Users\jimmy\source\repos\FinalProjectWorkspace\FinalProjectWorkspace\graphics.cpp(195,24): warning C4305:         ]
C:\Users\jimmy\source\repos\FinalProjectWorkspace\FinalProjectWorkspace\graphics.cpp(208,12): warning C4305: 'initializing': truncation from 'double' to '_Ty'
C:\Users\jimmy\source\repos\FinalProjectWorkspace\FinalProjectWorkspace\graphics.cpp(208,12): warning C4305:         with
C:\Users\jimmy\source\repos\FinalProjectWorkspace\FinalProjectWorkspace\graphics.cpp(208,12): warning C4305:         [
C:\Users\jimmy\source\repos\FinalProjectWorkspace\FinalProjectWorkspace\graphics.cpp(208,12): warning C4305:             _Ty=float
C:\Users\jimmy\source\repos\FinalProjectWorkspace\FinalProjectWorkspace\graphics.cpp(208,12): warning C4305:         ]
C:\Users\jimmy\source\repos\FinalProjectWorkspace\FinalProjectWorkspace\graphics.cpp(208,17): warning C4305: 'initializing': truncation from 'double' to '_Ty'
C:\Users\jimmy\source\repos\FinalProjectWorkspace\FinalProjectWorkspace\graphics.cpp(208,17): warning C4305:         with
C:\Users\jimmy\source\repos\FinalProjectWorkspace\FinalProjectWorkspace\graphics.cpp(208,17): warning C4305:         [
C:\Users\jimmy\source\repos\FinalProjectWorkspace\FinalProjectWorkspace\graphics.cpp(208,17): warning C4305:             _Ty=float
C:\Users\jimmy\source\repos\FinalProjectWorkspace\FinalProjectWorkspace\graphics.cpp(208,17): warning C4305:         ]
C:\Users\jimmy\source\repos\FinalProjectWorkspace\FinalProjectWorkspace\graphics.cpp(208,22): warning C4305: 'initializing': truncation from 'double' to '_Ty'
C:\Users\jimmy\source\repos\FinalProjectWorkspace\FinalProjectWorkspace\graphics.cpp(208,22): warning C4305:         with
C:\Users\jimmy\source\repos\FinalProjectWorkspace\FinalProjectWorkspace\graphics.cpp(208,22): warning C4305:         [
C:\Users\jimmy\source\repos\FinalProjectWorkspace\FinalProjectWorkspace\graphics.cpp(208,22): warning C4305:             _Ty=float
C:\Users\jimmy\source\repos\FinalProjectWorkspace\FinalProjectWorkspace\graphics.cpp(208,22): warning C4305:         ]
C:\Users\jimmy\source\repos\FinalProjectWorkspace\FinalProjectWorkspace\graphics.cpp(212,15): warning C4305: 'initializing': truncation from 'double' to '_Ty'
C:\Users\jimmy\source\repos\FinalProjectWorkspace\FinalProjectWorkspace\graphics.cpp(212,15): warning C4305:         with
C:\Users\jimmy\source\repos\FinalProjectWorkspace\FinalProjectWorkspace\graphics.cpp(212,15): warning C4305:         [
C:\Users\jimmy\source\repos\FinalProjectWorkspace\FinalProjectWorkspace\graphics.cpp(212,15): warning C4305:             _Ty=float
C:\Users\jimmy\source\repos\FinalProjectWorkspace\FinalProjectWorkspace\graphics.cpp(212,15): warning C4305:         ]
C:\Users\jimmy\source\repos\FinalProjectWorkspace\FinalProjectWorkspace\graphics.cpp(212,21): warning C4305: 'initializing': truncation from 'double' to '_Ty'
C:\Users\jimmy\source\repos\FinalProjectWorkspace\FinalProjectWorkspace\graphics.cpp(212,21): warning C4305:         with
C:\Users\jimmy\source\repos\FinalProjectWorkspace\FinalProjectWorkspace\graphics.cpp(212,21): warning C4305:         [
C:\Users\jimmy\source\repos\FinalProjectWorkspace\FinalProjectWorkspace\graphics.cpp(212,21): warning C4305:             _Ty=float
C:\Users\jimmy\source\repos\FinalProjectWorkspace\FinalProjectWorkspace\graphics.cpp(212,21): warning C4305:         ]
C:\Users\jimmy\source\repos\FinalProjectWorkspace\FinalProjectWorkspace\graphics.cpp(212,27): warning C4305: 'initializing': truncation from 'double' to '_Ty'
C:\Users\jimmy\source\repos\FinalProjectWorkspace\FinalProjectWorkspace\graphics.cpp(212,27): warning C4305:         with
C:\Users\jimmy\source\repos\FinalProjectWorkspace\FinalProjectWorkspace\graphics.cpp(212,27): warning C4305:         [
C:\Users\jimmy\source\repos\FinalProjectWorkspace\FinalProjectWorkspace\graphics.cpp(212,27): warning C4305:             _Ty=float
C:\Users\jimmy\source\repos\FinalProjectWorkspace\FinalProjectWorkspace\graphics.cpp(212,27): warning C4305:         ]
C:\Users\jimmy\source\repos\FinalProjectWorkspace\FinalProjectWorkspace\graphics.cpp(228,12): warning C4305: 'initializing': truncation from 'double' to '_Ty'
C:\Users\jimmy\source\repos\FinalProjectWorkspace\FinalProjectWorkspace\graphics.cpp(228,12): warning C4305:         with
C:\Users\jimmy\source\repos\FinalProjectWorkspace\FinalProjectWorkspace\graphics.cpp(228,12): warning C4305:         [
C:\Users\jimmy\source\repos\FinalProjectWorkspace\FinalProjectWorkspace\graphics.cpp(228,12): warning C4305:             _Ty=float
C:\Users\jimmy\source\repos\FinalProjectWorkspace\FinalProjectWorkspace\graphics.cpp(228,12): warning C4305:         ]
C:\Users\jimmy\source\repos\FinalProjectWorkspace\FinalProjectWorkspace\graphics.cpp(228,18): warning C4305: 'initializing': truncation from 'double' to '_Ty'
C:\Users\jimmy\source\repos\FinalProjectWorkspace\FinalProjectWorkspace\graphics.cpp(228,18): warning C4305:         with
C:\Users\jimmy\source\repos\FinalProjectWorkspace\FinalProjectWorkspace\graphics.cpp(228,18): warning C4305:         [
C:\Users\jimmy\source\repos\FinalProjectWorkspace\FinalProjectWorkspace\graphics.cpp(228,18): warning C4305:             _Ty=float
C:\Users\jimmy\source\repos\FinalProjectWorkspace\FinalProjectWorkspace\graphics.cpp(228,18): warning C4305:         ]
C:\Users\jimmy\source\repos\FinalProjectWorkspace\FinalProjectWorkspace\graphics.cpp(228,24): warning C4305: 'initializing': truncation from 'double' to '_Ty'
C:\Users\jimmy\source\repos\FinalProjectWorkspace\FinalProjectWorkspace\graphics.cpp(228,24): warning C4305:         with
C:\Users\jimmy\source\repos\FinalProjectWorkspace\FinalProjectWorkspace\graphics.cpp(228,24): warning C4305:         [
C:\Users\jimmy\source\repos\FinalProjectWorkspace\FinalProjectWorkspace\graphics.cpp(228,24): warning C4305:             _Ty=float
C:\Users\jimmy\source\repos\FinalProjectWorkspace\FinalProjectWorkspace\graphics.cpp(228,24): warning C4305:         ]
C:\Users\jimmy\source\repos\FinalProjectWorkspace\FinalProjectWorkspace\graphics.cpp(232,15): warning C4305: 'initializing': truncation from 'double' to '_Ty'
C:\Users\jimmy\source\repos\FinalProjectWorkspace\FinalProjectWorkspace\graphics.cpp(232,15): warning C4305:         with
C:\Users\jimmy\source\repos\FinalProjectWorkspace\FinalProjectWorkspace\graphics.cpp(232,15): warning C4305:         [
C:\Users\jimmy\source\repos\FinalProjectWorkspace\FinalProjectWorkspace\graphics.cpp(232,15): warning C4305:             _Ty=float
C:\Users\jimmy\source\repos\FinalProjectWorkspace\FinalProjectWorkspace\graphics.cpp(232,15): warning C4305:         ]
C:\Users\jimmy\source\repos\FinalProjectWorkspace\FinalProjectWorkspace\graphics.cpp(232,20): warning C4305: 'initializing': truncation from 'double' to '_Ty'
C:\Users\jimmy\source\repos\FinalProjectWorkspace\FinalProjectWorkspace\graphics.cpp(232,20): warning C4305:         with
C:\Users\jimmy\source\repos\FinalProjectWorkspace\FinalProjectWorkspace\graphics.cpp(232,20): warning C4305:         [
C:\Users\jimmy\source\repos\FinalProjectWorkspace\FinalProjectWorkspace\graphics.cpp(232,20): warning C4305:             _Ty=float
C:\Users\jimmy\source\repos\FinalProjectWorkspace\FinalProjectWorkspace\graphics.cpp(232,20): warning C4305:         ]
C:\Users\jimmy\source\repos\FinalProjectWorkspace\FinalProjectWorkspace\graphics.cpp(232,25): warning C4305: 'initializing': truncation from 'double' to '_Ty'
C:\Users\jimmy\source\repos\FinalProjectWorkspace\FinalProjectWorkspace\graphics.cpp(232,25): warning C4305:         with
C:\Users\jimmy\source\repos\FinalProjectWorkspace\FinalProjectWorkspace\graphics.cpp(232,25): warning C4305:         [
C:\Users\jimmy\source\repos\FinalProjectWorkspace\FinalProjectWorkspace\graphics.cpp(232,25): warning C4305:             _Ty=float
C:\Users\jimmy\source\repos\FinalProjectWorkspace\FinalProjectWorkspace\graphics.cpp(232,25): warning C4305:         ]
C:\Users\jimmy\source\repos\FinalProjectWorkspace\FinalProjectWorkspace\graphics.cpp(247,12): warning C4305: 'initializing': truncation from 'double' to '_Ty'
C:\Users\jimmy\source\repos\FinalProjectWorkspace\FinalProjectWorkspace\graphics.cpp(247,12): warning C4305:         with
C:\Users\jimmy\source\repos\FinalProjectWorkspace\FinalProjectWorkspace\graphics.cpp(247,12): warning C4305:         [
C:\Users\jimmy\source\repos\FinalProjectWorkspace\FinalProjectWorkspace\graphics.cpp(247,12): warning C4305:             _Ty=float
C:\Users\jimmy\source\repos\FinalProjectWorkspace\FinalProjectWorkspace\graphics.cpp(247,12): warning C4305:         ]
C:\Users\jimmy\source\repos\FinalProjectWorkspace\FinalProjectWorkspace\graphics.cpp(247,18): warning C4305: 'initializing': truncation from 'double' to '_Ty'
C:\Users\jimmy\source\repos\FinalProjectWorkspace\FinalProjectWorkspace\graphics.cpp(247,18): warning C4305:         with
C:\Users\jimmy\source\repos\FinalProjectWorkspace\FinalProjectWorkspace\graphics.cpp(247,18): warning C4305:         [
C:\Users\jimmy\source\repos\FinalProjectWorkspace\FinalProjectWorkspace\graphics.cpp(247,18): warning C4305:             _Ty=float
C:\Users\jimmy\source\repos\FinalProjectWorkspace\FinalProjectWorkspace\graphics.cpp(247,18): warning C4305:         ]
C:\Users\jimmy\source\repos\FinalProjectWorkspace\FinalProjectWorkspace\graphics.cpp(247,24): warning C4305: 'initializing': truncation from 'double' to '_Ty'
C:\Users\jimmy\source\repos\FinalProjectWorkspace\FinalProjectWorkspace\graphics.cpp(247,24): warning C4305:         with
C:\Users\jimmy\source\repos\FinalProjectWorkspace\FinalProjectWorkspace\graphics.cpp(247,24): warning C4305:         [
C:\Users\jimmy\source\repos\FinalProjectWorkspace\FinalProjectWorkspace\graphics.cpp(247,24): warning C4305:             _Ty=float
C:\Users\jimmy\source\repos\FinalProjectWorkspace\FinalProjectWorkspace\graphics.cpp(247,24): warning C4305:         ]
C:\Users\jimmy\source\repos\FinalProjectWorkspace\FinalProjectWorkspace\graphics.cpp(251,15): warning C4305: 'initializing': truncation from 'double' to '_Ty'
C:\Users\jimmy\source\repos\FinalProjectWorkspace\FinalProjectWorkspace\graphics.cpp(251,15): warning C4305:         with
C:\Users\jimmy\source\repos\FinalProjectWorkspace\FinalProjectWorkspace\graphics.cpp(251,15): warning C4305:         [
C:\Users\jimmy\source\repos\FinalProjectWorkspace\FinalProjectWorkspace\graphics.cpp(251,15): warning C4305:             _Ty=float
C:\Users\jimmy\source\repos\FinalProjectWorkspace\FinalProjectWorkspace\graphics.cpp(251,15): warning C4305:         ]
C:\Users\jimmy\source\repos\FinalProjectWorkspace\FinalProjectWorkspace\graphics.cpp(251,19): warning C4305: 'initializing': truncation from 'double' to '_Ty'
C:\Users\jimmy\source\repos\FinalProjectWorkspace\FinalProjectWorkspace\graphics.cpp(251,19): warning C4305:         with
C:\Users\jimmy\source\repos\FinalProjectWorkspace\FinalProjectWorkspace\graphics.cpp(251,19): warning C4305:         [
C:\Users\jimmy\source\repos\FinalProjectWorkspace\FinalProjectWorkspace\graphics.cpp(251,19): warning C4305:             _Ty=float
C:\Users\jimmy\source\repos\FinalProjectWorkspace\FinalProjectWorkspace\graphics.cpp(251,19): warning C4305:         ]
C:\Users\jimmy\source\repos\FinalProjectWorkspace\FinalProjectWorkspace\graphics.cpp(251,23): warning C4305: 'initializing': truncation from 'double' to '_Ty'
C:\Users\jimmy\source\repos\FinalProjectWorkspace\FinalProjectWorkspace\graphics.cpp(251,23): warning C4305:         with
C:\Users\jimmy\source\repos\FinalProjectWorkspace\FinalProjectWorkspace\graphics.cpp(251,23): warning C4305:         [
C:\Users\jimmy\source\repos\FinalProjectWorkspace\FinalProjectWorkspace\graphics.cpp(251,23): warning C4305:             _Ty=float
C:\Users\jimmy\source\repos\FinalProjectWorkspace\FinalProjectWorkspace\graphics.cpp(251,23): warning C4305:         ]
C:\Users\jimmy\source\repos\FinalProjectWorkspace\FinalProjectWorkspace\graphics.cpp(267,12): warning C4305: 'initializing': truncation from 'double' to '_Ty'
C:\Users\jimmy\source\repos\FinalProjectWorkspace\FinalProjectWorkspace\graphics.cpp(267,12): warning C4305:         with
C:\Users\jimmy\source\repos\FinalProjectWorkspace\FinalProjectWorkspace\graphics.cpp(267,12): warning C4305:         [
C:\Users\jimmy\source\repos\FinalProjectWorkspace\FinalProjectWorkspace\graphics.cpp(267,12): warning C4305:             _Ty=float
C:\Users\jimmy\source\repos\FinalProjectWorkspace\FinalProjectWorkspace\graphics.cpp(267,12): warning C4305:         ]
C:\Users\jimmy\source\repos\FinalProjectWorkspace\FinalProjectWorkspace\graphics.cpp(267,17): warning C4305: 'initializing': truncation from 'double' to '_Ty'
C:\Users\jimmy\source\repos\FinalProjectWorkspace\FinalProjectWorkspace\graphics.cpp(267,17): warning C4305:         with
C:\Users\jimmy\source\repos\FinalProjectWorkspace\FinalProjectWorkspace\graphics.cpp(267,17): warning C4305:         [
C:\Users\jimmy\source\repos\FinalProjectWorkspace\FinalProjectWorkspace\graphics.cpp(267,17): warning C4305:             _Ty=float
C:\Users\jimmy\source\repos\FinalProjectWorkspace\FinalProjectWorkspace\graphics.cpp(267,17): warning C4305:         ]
C:\Users\jimmy\source\repos\FinalProjectWorkspace\FinalProjectWorkspace\graphics.cpp(267,22): warning C4305: 'initializing': truncation from 'double' to '_Ty'
C:\Users\jimmy\source\repos\FinalProjectWorkspace\FinalProjectWorkspace\graphics.cpp(267,22): warning C4305:         with
C:\Users\jimmy\source\repos\FinalProjectWorkspace\FinalProjectWorkspace\graphics.cpp(267,22): warning C4305:         [
C:\Users\jimmy\source\repos\FinalProjectWorkspace\FinalProjectWorkspace\graphics.cpp(267,22): warning C4305:             _Ty=float
C:\Users\jimmy\source\repos\FinalProjectWorkspace\FinalProjectWorkspace\graphics.cpp(267,22): warning C4305:         ]
C:\Users\jimmy\source\repos\FinalProjectWorkspace\FinalProjectWorkspace\graphics.cpp(271,15): warning C4305: 'initializing': truncation from 'double' to '_Ty'
C:\Users\jimmy\source\repos\FinalProjectWorkspace\FinalProjectWorkspace\graphics.cpp(271,15): warning C4305:         with
C:\Users\jimmy\source\repos\FinalProjectWorkspace\FinalProjectWorkspace\graphics.cpp(271,15): warning C4305:         [
C:\Users\jimmy\source\repos\FinalProjectWorkspace\FinalProjectWorkspace\graphics.cpp(271,15): warning C4305:             _Ty=float
C:\Users\jimmy\source\repos\FinalProjectWorkspace\FinalProjectWorkspace\graphics.cpp(271,15): warning C4305:         ]
C:\Users\jimmy\source\repos\FinalProjectWorkspace\FinalProjectWorkspace\graphics.cpp(271,19): warning C4305: 'initializing': truncation from 'double' to '_Ty'
C:\Users\jimmy\source\repos\FinalProjectWorkspace\FinalProjectWorkspace\graphics.cpp(271,19): warning C4305:         with
C:\Users\jimmy\source\repos\FinalProjectWorkspace\FinalProjectWorkspace\graphics.cpp(271,19): warning C4305:         [
C:\Users\jimmy\source\repos\FinalProjectWorkspace\FinalProjectWorkspace\graphics.cpp(271,19): warning C4305:             _Ty=float
C:\Users\jimmy\source\repos\FinalProjectWorkspace\FinalProjectWorkspace\graphics.cpp(271,19): warning C4305:         ]
C:\Users\jimmy\source\repos\FinalProjectWorkspace\FinalProjectWorkspace\graphics.cpp(271,23): warning C4305: 'initializing': truncation from 'double' to '_Ty'
C:\Users\jimmy\source\repos\FinalProjectWorkspace\FinalProjectWorkspace\graphics.cpp(271,23): warning C4305:         with
C:\Users\jimmy\source\repos\FinalProjectWorkspace\FinalProjectWorkspace\graphics.cpp(271,23): warning C4305:         [
C:\Users\jimmy\source\repos\FinalProjectWorkspace\FinalProjectWorkspace\graphics.cpp(271,23): warning C4305:             _Ty=float
C:\Users\jimmy\source\repos\FinalProjectWorkspace\FinalProjectWorkspace\graphics.cpp(271,23): warning C4305:         ]
C:\Users\jimmy\source\repos\FinalProjectWorkspace\FinalProjectWorkspace\graphics.cpp(286,12): warning C4305: 'initializing': truncation from 'double' to '_Ty'
C:\Users\jimmy\source\repos\FinalProjectWorkspace\FinalProjectWorkspace\graphics.cpp(286,12): warning C4305:         with
C:\Users\jimmy\source\repos\FinalProjectWorkspace\FinalProjectWorkspace\graphics.cpp(286,12): warning C4305:         [
C:\Users\jimmy\source\repos\FinalProjectWorkspace\FinalProjectWorkspace\graphics.cpp(286,12): warning C4305:             _Ty=float
C:\Users\jimmy\source\repos\FinalProjectWorkspace\FinalProjectWorkspace\graphics.cpp(286,12): warning C4305:         ]
C:\Users\jimmy\source\repos\FinalProjectWorkspace\FinalProjectWorkspace\graphics.cpp(286,17): warning C4305: 'initializing': truncation from 'double' to '_Ty'
C:\Users\jimmy\source\repos\FinalProjectWorkspace\FinalProjectWorkspace\graphics.cpp(286,17): warning C4305:         with
C:\Users\jimmy\source\repos\FinalProjectWorkspace\FinalProjectWorkspace\graphics.cpp(286,17): warning C4305:         [
C:\Users\jimmy\source\repos\FinalProjectWorkspace\FinalProjectWorkspace\graphics.cpp(286,17): warning C4305:             _Ty=float
C:\Users\jimmy\source\repos\FinalProjectWorkspace\FinalProjectWorkspace\graphics.cpp(286,17): warning C4305:         ]
C:\Users\jimmy\source\repos\FinalProjectWorkspace\FinalProjectWorkspace\graphics.cpp(286,22): warning C4305: 'initializing': truncation from 'double' to '_Ty'
C:\Users\jimmy\source\repos\FinalProjectWorkspace\FinalProjectWorkspace\graphics.cpp(286,22): warning C4305:         with
C:\Users\jimmy\source\repos\FinalProjectWorkspace\FinalProjectWorkspace\graphics.cpp(286,22): warning C4305:         [
C:\Users\jimmy\source\repos\FinalProjectWorkspace\FinalProjectWorkspace\graphics.cpp(286,22): warning C4305:             _Ty=float
C:\Users\jimmy\source\repos\FinalProjectWorkspace\FinalProjectWorkspace\graphics.cpp(286,22): warning C4305:         ]
C:\Users\jimmy\source\repos\FinalProjectWorkspace\FinalProjectWorkspace\graphics.cpp(290,15): warning C4305: 'initializing': truncation from 'double' to '_Ty'
C:\Users\jimmy\source\repos\FinalProjectWorkspace\FinalProjectWorkspace\graphics.cpp(290,15): warning C4305:         with
C:\Users\jimmy\source\repos\FinalProjectWorkspace\FinalProjectWorkspace\graphics.cpp(290,15): warning C4305:         [
C:\Users\jimmy\source\repos\FinalProjectWorkspace\FinalProjectWorkspace\graphics.cpp(290,15): warning C4305:             _Ty=float
C:\Users\jimmy\source\repos\FinalProjectWorkspace\FinalProjectWorkspace\graphics.cpp(290,15): warning C4305:         ]
C:\Users\jimmy\source\repos\FinalProjectWorkspace\FinalProjectWorkspace\graphics.cpp(290,20): warning C4305: 'initializing': truncation from 'double' to '_Ty'
C:\Users\jimmy\source\repos\FinalProjectWorkspace\FinalProjectWorkspace\graphics.cpp(290,20): warning C4305:         with
C:\Users\jimmy\source\repos\FinalProjectWorkspace\FinalProjectWorkspace\graphics.cpp(290,20): warning C4305:         [
C:\Users\jimmy\source\repos\FinalProjectWorkspace\FinalProjectWorkspace\graphics.cpp(290,20): warning C4305:             _Ty=float
C:\Users\jimmy\source\repos\FinalProjectWorkspace\FinalProjectWorkspace\graphics.cpp(290,20): warning C4305:         ]
C:\Users\jimmy\source\repos\FinalProjectWorkspace\FinalProjectWorkspace\graphics.cpp(290,25): warning C4305: 'initializing': truncation from 'double' to '_Ty'
C:\Users\jimmy\source\repos\FinalProjectWorkspace\FinalProjectWorkspace\graphics.cpp(290,25): warning C4305:         with
C:\Users\jimmy\source\repos\FinalProjectWorkspace\FinalProjectWorkspace\graphics.cpp(290,25): warning C4305:         [
C:\Users\jimmy\source\repos\FinalProjectWorkspace\FinalProjectWorkspace\graphics.cpp(290,25): warning C4305:             _Ty=float
C:\Users\jimmy\source\repos\FinalProjectWorkspace\FinalProjectWorkspace\graphics.cpp(290,25): warning C4305:         ]
C:\Users\jimmy\source\repos\FinalProjectWorkspace\FinalProjectWorkspace\graphics.cpp(305,12): warning C4305: 'initializing': truncation from 'double' to '_Ty'
C:\Users\jimmy\source\repos\FinalProjectWorkspace\FinalProjectWorkspace\graphics.cpp(305,12): warning C4305:         with
C:\Users\jimmy\source\repos\FinalProjectWorkspace\FinalProjectWorkspace\graphics.cpp(305,12): warning C4305:         [
C:\Users\jimmy\source\repos\FinalProjectWorkspace\FinalProjectWorkspace\graphics.cpp(305,12): warning C4305:             _Ty=float
C:\Users\jimmy\source\repos\FinalProjectWorkspace\FinalProjectWorkspace\graphics.cpp(305,12): warning C4305:         ]
C:\Users\jimmy\source\repos\FinalProjectWorkspace\FinalProjectWorkspace\graphics.cpp(305,17): warning C4305: 'initializing': truncation from 'double' to '_Ty'
C:\Users\jimmy\source\repos\FinalProjectWorkspace\FinalProjectWorkspace\graphics.cpp(305,17): warning C4305:         with
C:\Users\jimmy\source\repos\FinalProjectWorkspace\FinalProjectWorkspace\graphics.cpp(305,17): warning C4305:         [
C:\Users\jimmy\source\repos\FinalProjectWorkspace\FinalProjectWorkspace\graphics.cpp(305,17): warning C4305:             _Ty=float
C:\Users\jimmy\source\repos\FinalProjectWorkspace\FinalProjectWorkspace\graphics.cpp(305,17): warning C4305:         ]
C:\Users\jimmy\source\repos\FinalProjectWorkspace\FinalProjectWorkspace\graphics.cpp(305,22): warning C4305: 'initializing': truncation from 'double' to '_Ty'
C:\Users\jimmy\source\repos\FinalProjectWorkspace\FinalProjectWorkspace\graphics.cpp(305,22): warning C4305:         with
C:\Users\jimmy\source\repos\FinalProjectWorkspace\FinalProjectWorkspace\graphics.cpp(305,22): warning C4305:         [
C:\Users\jimmy\source\repos\FinalProjectWorkspace\FinalProjectWorkspace\graphics.cpp(305,22): warning C4305:             _Ty=float
C:\Users\jimmy\source\repos\FinalProjectWorkspace\FinalProjectWorkspace\graphics.cpp(305,22): warning C4305:         ]
C:\Users\jimmy\source\repos\FinalProjectWorkspace\FinalProjectWorkspace\graphics.cpp(325,12): warning C4305: 'initializing': truncation from 'double' to '_Ty'
C:\Users\jimmy\source\repos\FinalProjectWorkspace\FinalProjectWorkspace\graphics.cpp(325,12): warning C4305:         with
C:\Users\jimmy\source\repos\FinalProjectWorkspace\FinalProjectWorkspace\graphics.cpp(325,12): warning C4305:         [
C:\Users\jimmy\source\repos\FinalProjectWorkspace\FinalProjectWorkspace\graphics.cpp(325,12): warning C4305:             _Ty=float
C:\Users\jimmy\source\repos\FinalProjectWorkspace\FinalProjectWorkspace\graphics.cpp(325,12): warning C4305:         ]
C:\Users\jimmy\source\repos\FinalProjectWorkspace\FinalProjectWorkspace\graphics.cpp(325,17): warning C4305: 'initializing': truncation from 'double' to '_Ty'
C:\Users\jimmy\source\repos\FinalProjectWorkspace\FinalProjectWorkspace\graphics.cpp(325,17): warning C4305:         with
C:\Users\jimmy\source\repos\FinalProjectWorkspace\FinalProjectWorkspace\graphics.cpp(325,17): warning C4305:         [
C:\Users\jimmy\source\repos\FinalProjectWorkspace\FinalProjectWorkspace\graphics.cpp(325,17): warning C4305:             _Ty=float
C:\Users\jimmy\source\repos\FinalProjectWorkspace\FinalProjectWorkspace\graphics.cpp(325,17): warning C4305:         ]
C:\Users\jimmy\source\repos\FinalProjectWorkspace\FinalProjectWorkspace\graphics.cpp(325,22): warning C4305: 'initializing': truncation from 'double' to '_Ty'
C:\Users\jimmy\source\repos\FinalProjectWorkspace\FinalProjectWorkspace\graphics.cpp(325,22): warning C4305:         with
C:\Users\jimmy\source\repos\FinalProjectWorkspace\FinalProjectWorkspace\graphics.cpp(325,22): warning C4305:         [
C:\Users\jimmy\source\repos\FinalProjectWorkspace\FinalProjectWorkspace\graphics.cpp(325,22): warning C4305:             _Ty=float
C:\Users\jimmy\source\repos\FinalProjectWorkspace\FinalProjectWorkspace\graphics.cpp(325,22): warning C4305:         ]
C:\Users\jimmy\source\repos\FinalProjectWorkspace\FinalProjectWorkspace\graphics.cpp(329,15): warning C4305: 'initializing': truncation from 'double' to '_Ty'
C:\Users\jimmy\source\repos\FinalProjectWorkspace\FinalProjectWorkspace\graphics.cpp(329,15): warning C4305:         with
C:\Users\jimmy\source\repos\FinalProjectWorkspace\FinalProjectWorkspace\graphics.cpp(329,15): warning C4305:         [
C:\Users\jimmy\source\repos\FinalProjectWorkspace\FinalProjectWorkspace\graphics.cpp(329,15): warning C4305:             _Ty=float
C:\Users\jimmy\source\repos\FinalProjectWorkspace\FinalProjectWorkspace\graphics.cpp(329,15): warning C4305:         ]
C:\Users\jimmy\source\repos\FinalProjectWorkspace\FinalProjectWorkspace\graphics.cpp(329,20): warning C4305: 'initializing': truncation from 'double' to '_Ty'
C:\Users\jimmy\source\repos\FinalProjectWorkspace\FinalProjectWorkspace\graphics.cpp(329,20): warning C4305:         with
C:\Users\jimmy\source\repos\FinalProjectWorkspace\FinalProjectWorkspace\graphics.cpp(329,20): warning C4305:         [
C:\Users\jimmy\source\repos\FinalProjectWorkspace\FinalProjectWorkspace\graphics.cpp(329,20): warning C4305:             _Ty=float
C:\Users\jimmy\source\repos\FinalProjectWorkspace\FinalProjectWorkspace\graphics.cpp(329,20): warning C4305:         ]
C:\Users\jimmy\source\repos\FinalProjectWorkspace\FinalProjectWorkspace\graphics.cpp(329,25): warning C4305: 'initializing': truncation from 'double' to '_Ty'
C:\Users\jimmy\source\repos\FinalProjectWorkspace\FinalProjectWorkspace\graphics.cpp(329,25): warning C4305:         with
C:\Users\jimmy\source\repos\FinalProjectWorkspace\FinalProjectWorkspace\graphics.cpp(329,25): warning C4305:         [
C:\Users\jimmy\source\repos\FinalProjectWorkspace\FinalProjectWorkspace\graphics.cpp(329,25): warning C4305:             _Ty=float
C:\Users\jimmy\source\repos\FinalProjectWorkspace\FinalProjectWorkspace\graphics.cpp(329,25): warning C4305:         ]
C:\Users\jimmy\source\repos\FinalProjectWorkspace\FinalProjectWorkspace\graphics.cpp(344,12): warning C4305: 'initializing': truncation from 'double' to '_Ty'
C:\Users\jimmy\source\repos\FinalProjectWorkspace\FinalProjectWorkspace\graphics.cpp(344,12): warning C4305:         with
C:\Users\jimmy\source\repos\FinalProjectWorkspace\FinalProjectWorkspace\graphics.cpp(344,12): warning C4305:         [
C:\Users\jimmy\source\repos\FinalProjectWorkspace\FinalProjectWorkspace\graphics.cpp(344,12): warning C4305:             _Ty=float
C:\Users\jimmy\source\repos\FinalProjectWorkspace\FinalProjectWorkspace\graphics.cpp(344,12): warning C4305:         ]
C:\Users\jimmy\source\repos\FinalProjectWorkspace\FinalProjectWorkspace\graphics.cpp(344,17): warning C4305: 'initializing': truncation from 'double' to '_Ty'
C:\Users\jimmy\source\repos\FinalProjectWorkspace\FinalProjectWorkspace\graphics.cpp(344,17): warning C4305:         with
C:\Users\jimmy\source\repos\FinalProjectWorkspace\FinalProjectWorkspace\graphics.cpp(344,17): warning C4305:         [
C:\Users\jimmy\source\repos\FinalProjectWorkspace\FinalProjectWorkspace\graphics.cpp(344,17): warning C4305:             _Ty=float
C:\Users\jimmy\source\repos\FinalProjectWorkspace\FinalProjectWorkspace\graphics.cpp(344,17): warning C4305:         ]
C:\Users\jimmy\source\repos\FinalProjectWorkspace\FinalProjectWorkspace\graphics.cpp(344,22): warning C4305: 'initializing': truncation from 'double' to '_Ty'
C:\Users\jimmy\source\repos\FinalProjectWorkspace\FinalProjectWorkspace\graphics.cpp(344,22): warning C4305:         with
C:\Users\jimmy\source\repos\FinalProjectWorkspace\FinalProjectWorkspace\graphics.cpp(344,22): warning C4305:         [
C:\Users\jimmy\source\repos\FinalProjectWorkspace\FinalProjectWorkspace\graphics.cpp(344,22): warning C4305:             _Ty=float
C:\Users\jimmy\source\repos\FinalProjectWorkspace\FinalProjectWorkspace\graphics.cpp(344,22): warning C4305:         ]
C:\Users\jimmy\source\repos\FinalProjectWorkspace\FinalProjectWorkspace\graphics.cpp(348,15): warning C4305: 'initializing': truncation from 'double' to '_Ty'
C:\Users\jimmy\source\repos\FinalProjectWorkspace\FinalProjectWorkspace\graphics.cpp(348,15): warning C4305:         with
C:\Users\jimmy\source\repos\FinalProjectWorkspace\FinalProjectWorkspace\graphics.cpp(348,15): warning C4305:         [
C:\Users\jimmy\source\repos\FinalProjectWorkspace\FinalProjectWorkspace\graphics.cpp(348,15): warning C4305:             _Ty=float
C:\Users\jimmy\source\repos\FinalProjectWorkspace\FinalProjectWorkspace\graphics.cpp(348,15): warning C4305:         ]
C:\Users\jimmy\source\repos\FinalProjectWorkspace\FinalProjectWorkspace\graphics.cpp(348,20): warning C4305: 'initializing': truncation from 'double' to '_Ty'
C:\Users\jimmy\source\repos\FinalProjectWorkspace\FinalProjectWorkspace\graphics.cpp(348,20): warning C4305:         with
C:\Users\jimmy\source\repos\FinalProjectWorkspace\FinalProjectWorkspace\graphics.cpp(348,20): warning C4305:         [
C:\Users\jimmy\source\repos\FinalProjectWorkspace\FinalProjectWorkspace\graphics.cpp(348,20): warning C4305:             _Ty=float
C:\Users\jimmy\source\repos\FinalProjectWorkspace\FinalProjectWorkspace\graphics.cpp(348,20): warning C4305:         ]
C:\Users\jimmy\source\repos\FinalProjectWorkspace\FinalProjectWorkspace\graphics.cpp(348,25): warning C4305: 'initializing': truncation from 'double' to '_Ty'
C:\Users\jimmy\source\repos\FinalProjectWorkspace\FinalProjectWorkspace\graphics.cpp(348,25): warning C4305:         with
C:\Users\jimmy\source\repos\FinalProjectWorkspace\FinalProjectWorkspace\graphics.cpp(348,25): warning C4305:         [
C:\Users\jimmy\source\repos\FinalProjectWorkspace\FinalProjectWorkspace\graphics.cpp(348,25): warning C4305:             _Ty=float
C:\Users\jimmy\source\repos\FinalProjectWorkspace\FinalProjectWorkspace\graphics.cpp(348,25): warning C4305:         ]
C:\Users\jimmy\source\repos\FinalProjectWorkspace\FinalProjectWorkspace\graphics.cpp(363,12): warning C4305: 'initializing': truncation from 'double' to '_Ty'
C:\Users\jimmy\source\repos\FinalProjectWorkspace\FinalProjectWorkspace\graphics.cpp(363,12): warning C4305:         with
C:\Users\jimmy\source\repos\FinalProjectWorkspace\FinalProjectWorkspace\graphics.cpp(363,12): warning C4305:         [
C:\Users\jimmy\source\repos\FinalProjectWorkspace\FinalProjectWorkspace\graphics.cpp(363,12): warning C4305:             _Ty=float
C:\Users\jimmy\source\repos\FinalProjectWorkspace\FinalProjectWorkspace\graphics.cpp(363,12): warning C4305:         ]
C:\Users\jimmy\source\repos\FinalProjectWorkspace\FinalProjectWorkspace\graphics.cpp(363,18): warning C4305: 'initializing': truncation from 'double' to '_Ty'
C:\Users\jimmy\source\repos\FinalProjectWorkspace\FinalProjectWorkspace\graphics.cpp(363,18): warning C4305:         with
C:\Users\jimmy\source\repos\FinalProjectWorkspace\FinalProjectWorkspace\graphics.cpp(363,18): warning C4305:         [
C:\Users\jimmy\source\repos\FinalProjectWorkspace\FinalProjectWorkspace\graphics.cpp(363,18): warning C4305:             _Ty=float
C:\Users\jimmy\source\repos\FinalProjectWorkspace\FinalProjectWorkspace\graphics.cpp(363,18): warning C4305:         ]
C:\Users\jimmy\source\repos\FinalProjectWorkspace\FinalProjectWorkspace\graphics.cpp(363,24): warning C4305: 'initializing': truncation from 'double' to '_Ty'
C:\Users\jimmy\source\repos\FinalProjectWorkspace\FinalProjectWorkspace\graphics.cpp(363,24): warning C4305:         with
C:\Users\jimmy\source\repos\FinalProjectWorkspace\FinalProjectWorkspace\graphics.cpp(363,24): warning C4305:         [
C:\Users\jimmy\source\repos\FinalProjectWorkspace\FinalProjectWorkspace\graphics.cpp(363,24): warning C4305:             _Ty=float
C:\Users\jimmy\source\repos\FinalProjectWorkspace\FinalProjectWorkspace\graphics.cpp(363,24): warning C4305:         ]
C:\Users\jimmy\source\repos\FinalProjectWorkspace\FinalProjectWorkspace\graphics.cpp(367,15): warning C4305: 'initializing': truncation from 'double' to '_Ty'
C:\Users\jimmy\source\repos\FinalProjectWorkspace\FinalProjectWorkspace\graphics.cpp(367,15): warning C4305:         with
C:\Users\jimmy\source\repos\FinalProjectWorkspace\FinalProjectWorkspace\graphics.cpp(367,15): warning C4305:         [
C:\Users\jimmy\source\repos\FinalProjectWorkspace\FinalProjectWorkspace\graphics.cpp(367,15): warning C4305:             _Ty=float
C:\Users\jimmy\source\repos\FinalProjectWorkspace\FinalProjectWorkspace\graphics.cpp(367,15): warning C4305:         ]
C:\Users\jimmy\source\repos\FinalProjectWorkspace\FinalProjectWorkspace\graphics.cpp(367,19): warning C4305: 'initializing': truncation from 'double' to '_Ty'
C:\Users\jimmy\source\repos\FinalProjectWorkspace\FinalProjectWorkspace\graphics.cpp(367,19): warning C4305:         with
C:\Users\jimmy\source\repos\FinalProjectWorkspace\FinalProjectWorkspace\graphics.cpp(367,19): warning C4305:         [
C:\Users\jimmy\source\repos\FinalProjectWorkspace\FinalProjectWorkspace\graphics.cpp(367,19): warning C4305:             _Ty=float
C:\Users\jimmy\source\repos\FinalProjectWorkspace\FinalProjectWorkspace\graphics.cpp(367,19): warning C4305:         ]
C:\Users\jimmy\source\repos\FinalProjectWorkspace\FinalProjectWorkspace\graphics.cpp(367,23): warning C4305: 'initializing': truncation from 'double' to '_Ty'
C:\Users\jimmy\source\repos\FinalProjectWorkspace\FinalProjectWorkspace\graphics.cpp(367,23): warning C4305:         with
C:\Users\jimmy\source\repos\FinalProjectWorkspace\FinalProjectWorkspace\graphics.cpp(367,23): warning C4305:         [
C:\Users\jimmy\source\repos\FinalProjectWorkspace\FinalProjectWorkspace\graphics.cpp(367,23): warning C4305:             _Ty=float
C:\Users\jimmy\source\repos\FinalProjectWorkspace\FinalProjectWorkspace\graphics.cpp(367,23): warning C4305:         ]
C:\Users\jimmy\source\repos\FinalProjectWorkspace\FinalProjectWorkspace\graphics.cpp(383,12): warning C4305: 'initializing': truncation from 'double' to '_Ty'
C:\Users\jimmy\source\repos\FinalProjectWorkspace\FinalProjectWorkspace\graphics.cpp(383,12): warning C4305:         with
C:\Users\jimmy\source\repos\FinalProjectWorkspace\FinalProjectWorkspace\graphics.cpp(383,12): warning C4305:         [
C:\Users\jimmy\source\repos\FinalProjectWorkspace\FinalProjectWorkspace\graphics.cpp(383,12): warning C4305:             _Ty=float
C:\Users\jimmy\source\repos\FinalProjectWorkspace\FinalProjectWorkspace\graphics.cpp(383,12): warning C4305:         ]
C:\Users\jimmy\source\repos\FinalProjectWorkspace\FinalProjectWorkspace\graphics.cpp(383,18): warning C4305: 'initializing': truncation from 'double' to '_Ty'
C:\Users\jimmy\source\repos\FinalProjectWorkspace\FinalProjectWorkspace\graphics.cpp(383,18): warning C4305:         with
C:\Users\jimmy\source\repos\FinalProjectWorkspace\FinalProjectWorkspace\graphics.cpp(383,18): warning C4305:         [
C:\Users\jimmy\source\repos\FinalProjectWorkspace\FinalProjectWorkspace\graphics.cpp(383,18): warning C4305:             _Ty=float
C:\Users\jimmy\source\repos\FinalProjectWorkspace\FinalProjectWorkspace\graphics.cpp(383,18): warning C4305:         ]
C:\Users\jimmy\source\repos\FinalProjectWorkspace\FinalProjectWorkspace\graphics.cpp(383,24): warning C4305: 'initializing': truncation from 'double' to '_Ty'
C:\Users\jimmy\source\repos\FinalProjectWorkspace\FinalProjectWorkspace\graphics.cpp(383,24): warning C4305:         with
C:\Users\jimmy\source\repos\FinalProjectWorkspace\FinalProjectWorkspace\graphics.cpp(383,24): warning C4305:         [
C:\Users\jimmy\source\repos\FinalProjectWorkspace\FinalProjectWorkspace\graphics.cpp(383,24): warning C4305:             _Ty=float
C:\Users\jimmy\source\repos\FinalProjectWorkspace\FinalProjectWorkspace\graphics.cpp(383,24): warning C4305:         ]
C:\Users\jimmy\source\repos\FinalProjectWorkspace\FinalProjectWorkspace\graphics.cpp(387,15): warning C4305: 'initializing': truncation from 'double' to '_Ty'
C:\Users\jimmy\source\repos\FinalProjectWorkspace\FinalProjectWorkspace\graphics.cpp(387,15): warning C4305:         with
C:\Users\jimmy\source\repos\FinalProjectWorkspace\FinalProjectWorkspace\graphics.cpp(387,15): warning C4305:         [
C:\Users\jimmy\source\repos\FinalProjectWorkspace\FinalProjectWorkspace\graphics.cpp(387,15): warning C4305:             _Ty=float
C:\Users\jimmy\source\repos\FinalProjectWorkspace\FinalProjectWorkspace\graphics.cpp(387,15): warning C4305:         ]
C:\Users\jimmy\source\repos\FinalProjectWorkspace\FinalProjectWorkspace\graphics.cpp(387,19): warning C4305: 'initializing': truncation from 'double' to '_Ty'
C:\Users\jimmy\source\repos\FinalProjectWorkspace\FinalProjectWorkspace\graphics.cpp(387,19): warning C4305:         with
C:\Users\jimmy\source\repos\FinalProjectWorkspace\FinalProjectWorkspace\graphics.cpp(387,19): warning C4305:         [
C:\Users\jimmy\source\repos\FinalProjectWorkspace\FinalProjectWorkspace\graphics.cpp(387,19): warning C4305:             _Ty=float
C:\Users\jimmy\source\repos\FinalProjectWorkspace\FinalProjectWorkspace\graphics.cpp(387,19): warning C4305:         ]
C:\Users\jimmy\source\repos\FinalProjectWorkspace\FinalProjectWorkspace\graphics.cpp(387,23): warning C4305: 'initializing': truncation from 'double' to '_Ty'
C:\Users\jimmy\source\repos\FinalProjectWorkspace\FinalProjectWorkspace\graphics.cpp(387,23): warning C4305:         with
C:\Users\jimmy\source\repos\FinalProjectWorkspace\FinalProjectWorkspace\graphics.cpp(387,23): warning C4305:         [
C:\Users\jimmy\source\repos\FinalProjectWorkspace\FinalProjectWorkspace\graphics.cpp(387,23): warning C4305:             _Ty=float
C:\Users\jimmy\source\repos\FinalProjectWorkspace\FinalProjectWorkspace\graphics.cpp(387,23): warning C4305:         ]
C:\Users\jimmy\source\repos\FinalProjectWorkspace\FinalProjectWorkspace\graphics.cpp(407,12): warning C4305: 'initializing': truncation from 'double' to '_Ty'
C:\Users\jimmy\source\repos\FinalProjectWorkspace\FinalProjectWorkspace\graphics.cpp(407,12): warning C4305:         with
C:\Users\jimmy\source\repos\FinalProjectWorkspace\FinalProjectWorkspace\graphics.cpp(407,12): warning C4305:         [
C:\Users\jimmy\source\repos\FinalProjectWorkspace\FinalProjectWorkspace\graphics.cpp(407,12): warning C4305:             _Ty=float
C:\Users\jimmy\source\repos\FinalProjectWorkspace\FinalProjectWorkspace\graphics.cpp(407,12): warning C4305:         ]
C:\Users\jimmy\source\repos\FinalProjectWorkspace\FinalProjectWorkspace\graphics.cpp(407,16): warning C4305: 'initializing': truncation from 'double' to '_Ty'
C:\Users\jimmy\source\repos\FinalProjectWorkspace\FinalProjectWorkspace\graphics.cpp(407,16): warning C4305:         with
C:\Users\jimmy\source\repos\FinalProjectWorkspace\FinalProjectWorkspace\graphics.cpp(407,16): warning C4305:         [
C:\Users\jimmy\source\repos\FinalProjectWorkspace\FinalProjectWorkspace\graphics.cpp(407,16): warning C4305:             _Ty=float
C:\Users\jimmy\source\repos\FinalProjectWorkspace\FinalProjectWorkspace\graphics.cpp(407,16): warning C4305:         ]
C:\Users\jimmy\source\repos\FinalProjectWorkspace\FinalProjectWorkspace\graphics.cpp(407,20): warning C4305: 'initializing': truncation from 'double' to '_Ty'
C:\Users\jimmy\source\repos\FinalProjectWorkspace\FinalProjectWorkspace\graphics.cpp(407,20): warning C4305:         with
C:\Users\jimmy\source\repos\FinalProjectWorkspace\FinalProjectWorkspace\graphics.cpp(407,20): warning C4305:         [
C:\Users\jimmy\source\repos\FinalProjectWorkspace\FinalProjectWorkspace\graphics.cpp(407,20): warning C4305:             _Ty=float
C:\Users\jimmy\source\repos\FinalProjectWorkspace\FinalProjectWorkspace\graphics.cpp(407,20): warning C4305:         ]
C:\Program Files\Microsoft Visual Studio\2022\Community\VC\Tools\MSVC\14.38.33130\include\algorithm(3456,24): warning C4244: '=': conversion from 'double' to 'float', possible loss of data
  (compiling source file 'graphics.cpp')
  C:\Program Files\Microsoft Visual Studio\2022\Community\VC\Tools\MSVC\14.38.33130\include\algorithm(3456,24):
  the template instantiation context (the oldest one first) is
  	C:\Users\jimmy\source\repos\FinalProjectWorkspace\FinalProjectWorkspace\graphics.cpp(154,2):
  	see reference to function template instantiation '_OutIt std::transform<std::_Vector_iterator<std::_Vector_val<std::_Simple_types<_Ty>>>,std::_Vector_iterator<std::_Vector_val<std::_Simple_types<_Ty>>>,Graphics::HierarchicalUpdate2::<lambda_1>>(const _InIt,const _InIt,_OutIt,_Fn)' being compiled
          with
          [
              _OutIt=std::_Vector_iterator<std::_Vector_val<std::_Simple_types<float>>>,
              _Ty=float,
              _InIt=std::_Vector_iterator<std::_Vector_val<std::_Simple_types<float>>>,
              _Fn=Graphics::HierarchicalUpdate2::<lambda_1>
          ]
  
  main.cpp
  Generating Code...
  FinalProjectWorkspace.vcxproj -> C:\Users\jimmy\source\repos\FinalProjectWorkspace\x64\Debug\FinalProjectWorkspace.exe
